Using pre-set license
Built from '2020.3/release' branch; Version is '2020.3.15f2 (6cf78cb77498) revision 7141260'; Using compiler version '192528614'; Build Type 'Release'
OS: 'Windows Server 2022 Standard; OS build 20348.887; Version 2009; 64bit' Language: 'en' Physical Memory: 32440 MB
BatchMode: 1, IsHumanControllingUs: 0, StartBugReporterOnCrash: 0, Is64bit: 1, IsPro: 0

 COMMAND LINE ARGUMENTS:
C:\Program Files\Unity\Hub\Editor\2020.3.15f2\Editor\Unity.exe
-adb2
-batchMode
-noUpm
-name
AssetImportWorker0
-projectPath
E:/Users/NDW28/Documents/GitHub/ApplePicker2022/ApplePicker2022
-logFile
Logs/AssetImportWorker0.log
-srvPort
63095
Successfully changed project path to: E:/Users/NDW28/Documents/GitHub/ApplePicker2022/ApplePicker2022
E:/Users/NDW28/Documents/GitHub/ApplePicker2022/ApplePicker2022
Using Asset Import Pipeline V2.
Refreshing native plugins compatible for Editor in 32.82 ms, found 2 plugins.
Preloading 0 native plugins for Editor in 0.00 ms.
Initialize engine version: 2020.3.15f2 (6cf78cb77498)
[Subsystems] Discovering subsystems at path C:/Program Files/Unity/Hub/Editor/2020.3.15f2/Editor/Data/Resources/UnitySubsystems
[Subsystems] Discovering subsystems at path E:/Users/NDW28/Documents/GitHub/ApplePicker2022/ApplePicker2022/Assets
GfxDevice: creating device client; threaded=0
Direct3D:
    Version:  Direct3D 11.0 [level 11.1]
    Renderer: NVIDIA GeForce GTX 1080 (ID=0x1b80)
    Vendor:   
    VRAM:     8079 MB
    Driver:   30.0.15.1277
Initialize mono
Mono path[0] = 'C:/Program Files/Unity/Hub/Editor/2020.3.15f2/Editor/Data/Managed'
Mono path[1] = 'C:/Program Files/Unity/Hub/Editor/2020.3.15f2/Editor/Data/MonoBleedingEdge/lib/mono/unityjit'
Mono config path = 'C:/Program Files/Unity/Hub/Editor/2020.3.15f2/Editor/Data/MonoBleedingEdge/etc'
Using monoOptions --debugger-agent=transport=dt_socket,embedding=1,server=y,suspend=n,address=127.0.0.1:56372
Begin MonoManager ReloadAssembly
Registering precompiled unity dll's ...
Register platform support module: C:/Program Files/Unity/Hub/Editor/2020.3.15f2/Editor/Data/PlaybackEngines/WindowsStandaloneSupport/UnityEditor.WindowsStandalone.Extensions.dll
Registered in 0.001245 seconds.
Native extension for WindowsStandalone target not found
Refreshing native plugins compatible for Editor in 28.67 ms, found 2 plugins.
Preloading 0 native plugins for Editor in 0.00 ms.
Mono: successfully reloaded assembly
- Completed reload, in  0.957 seconds
Domain Reload Profiling:
	ReloadAssembly (957ms)
		BeginReloadAssembly (52ms)
			ExecutionOrderSort (0ms)
			DisableScriptedObjects (0ms)
			BackupInstance (0ms)
			ReleaseScriptingObjects (0ms)
			CreateAndSetChildDomain (1ms)
		EndReloadAssembly (435ms)
			LoadAssemblies (50ms)
			RebuildTransferFunctionScriptingTraits (0ms)
			SetupTypeCache (162ms)
			ReleaseScriptCaches (0ms)
			RebuildScriptCaches (35ms)
			SetupLoadedEditorAssemblies (153ms)
				LogAssemblyErrors (0ms)
				InitializePlatformSupportModulesInManaged (4ms)
				SetLoadedEditorAssemblies (0ms)
				RefreshPlugins (29ms)
				BeforeProcessingInitializeOnLoad (6ms)
				ProcessInitializeOnLoadAttributes (85ms)
				ProcessInitializeOnLoadMethodAttributes (28ms)
				AfterProcessingInitializeOnLoad (0ms)
				EditorAssembliesLoaded (0ms)
			ExecutionOrderSort2 (0ms)
			AwakeInstancesAfterBackupRestoration (0ms)
Platform modules already initialized, skipping
Registering precompiled user dll's ...
Registered in 0.002243 seconds.
Begin MonoManager ReloadAssembly
Native extension for WindowsStandalone target not found
Refreshing native plugins compatible for Editor in 0.36 ms, found 2 plugins.
Preloading 0 native plugins for Editor in 0.00 ms.
Mono: successfully reloaded assembly
- Completed reload, in  1.238 seconds
Domain Reload Profiling:
	ReloadAssembly (1239ms)
		BeginReloadAssembly (196ms)
			ExecutionOrderSort (0ms)
			DisableScriptedObjects (4ms)
			BackupInstance (0ms)
			ReleaseScriptingObjects (0ms)
			CreateAndSetChildDomain (29ms)
		EndReloadAssembly (981ms)
			LoadAssemblies (96ms)
			RebuildTransferFunctionScriptingTraits (0ms)
			SetupTypeCache (318ms)
			ReleaseScriptCaches (0ms)
			RebuildScriptCaches (43ms)
			SetupLoadedEditorAssemblies (422ms)
				LogAssemblyErrors (0ms)
				InitializePlatformSupportModulesInManaged (5ms)
				SetLoadedEditorAssemblies (0ms)
				RefreshPlugins (0ms)
				BeforeProcessingInitializeOnLoad (52ms)
				ProcessInitializeOnLoadAttributes (357ms)
				ProcessInitializeOnLoadMethodAttributes (4ms)
				AfterProcessingInitializeOnLoad (4ms)
				EditorAssembliesLoaded (0ms)
			ExecutionOrderSort2 (0ms)
			AwakeInstancesAfterBackupRestoration (6ms)
Platform modules already initialized, skipping
========================================================================
Worker process is ready to serve import requests
Launched and connected shader compiler UnityShaderCompiler.exe after 0.05 seconds
Refreshing native plugins compatible for Editor in 0.73 ms, found 2 plugins.
Preloading 0 native plugins for Editor in 0.00 ms.
Unloading 1396 Unused Serialized files (Serialized files now loaded: 0)
System memory in use before: 65.0 MB.
System memory in use after: 65.0 MB.

Unloading 19 unused Assets to reduce memory usage. Loaded Objects now: 1829.
Total: 4.960500 ms (FindLiveObjects: 0.327500 ms CreateObjectMapping: 0.092800 ms MarkObjects: 4.345100 ms  DeleteObjects: 0.191600 ms)

AssetImportParameters requested are different than current active one (requested -> active):
  custom:framework-win-MediaFoundation: 216162199b28c13a410421893ffa2e32 -> 
  custom:video-decoder-ogg-theora: a1e56fd34408186e4bbccfd4996cb3dc -> 
  custom:container-muxer-webm: aa71ff27fc2769a1b78a27578f13a17b -> 
  custom:container-demuxer-webm: 4f35f7cbe854078d1ac9338744f61a02 -> 
  custom:container-demuxer-ogg: 62fdf1f143b41e24485cea50d1cbac27 -> 
  custom:video-encoder-webm-vp8: eb34c28f22e8b96e1ab97ce403110664 -> 
  custom:video-decoder-webm-vp8: 9c59270c3fd7afecdb556c50c9e8de78 -> 
  custom:audio-decoder-ogg-vorbis: bf7c407c2cedff20999df2af8eb42d56 -> 
  custom:audio-encoder-webm-vorbis: bf7c407c2cedff20999df2af8eb42d56 -> 
========================================================================
Received Import Request.
  path: Assets/Mat_Leaves.mat
  artifactKey: Guid(26c685226df153a458fe87011752456c) Importer(815301076,1909f56bfc062723c751e8b465ee728b)
Start importing Assets/Mat_Leaves.mat using Guid(26c685226df153a458fe87011752456c) Importer(815301076,1909f56bfc062723c751e8b465ee728b)  -> (artifact id: '96be750dfb7bb3917572ad234aa64fc2') in 0.133281 seconds 
  Import took 0.136182 seconds .

========================================================================
Received Import Request.
  Time since last request: 214.742369 seconds.
  path: Assets/Mat_Wood.mat
  artifactKey: Guid(1db2eb0afa6f8754a95d9a498a942dc3) Importer(815301076,1909f56bfc062723c751e8b465ee728b)
Start importing Assets/Mat_Wood.mat using Guid(1db2eb0afa6f8754a95d9a498a942dc3) Importer(815301076,1909f56bfc062723c751e8b465ee728b)  -> (artifact id: '374caaacbc369ec5609aebd0f85cac0b') in 0.021241 seconds 
  Import took 0.024145 seconds .

========================================================================
Received Import Request.
  Time since last request: 154.473666 seconds.
  path: Assets/AppleTree.prefab
  artifactKey: Guid(a955c6e11930c124c99c238c4d35de5e) Importer(815301076,1909f56bfc062723c751e8b465ee728b)
Start importing Assets/AppleTree.prefab using Guid(a955c6e11930c124c99c238c4d35de5e) Importer(815301076,1909f56bfc062723c751e8b465ee728b)  -> (artifact id: 'f061b9ceafe56d4a30ec459730dad907') in 0.031269 seconds 
  Import took 0.035796 seconds .

========================================================================
Received Import Request.
  Time since last request: 0.001244 seconds.
  path: Assets/AppleTree.prefab
  artifactKey: Guid(a955c6e11930c124c99c238c4d35de5e) Importer(815301076,1909f56bfc062723c751e8b465ee728b)
Start importing Assets/AppleTree.prefab using Guid(a955c6e11930c124c99c238c4d35de5e) Importer(815301076,1909f56bfc062723c751e8b465ee728b)  -> (artifact id: 'f061b9ceafe56d4a30ec459730dad907') in 0.009052 seconds 
  Import took 0.011993 seconds .

========================================================================
Received Import Request.
  Time since last request: 316.061912 seconds.
  path: Assets
  artifactKey: Guid(00000000000000001000000000000000) Importer(815301076,1909f56bfc062723c751e8b465ee728b)
Start importing Assets using Guid(00000000000000001000000000000000) Importer(815301076,1909f56bfc062723c751e8b465ee728b)  -> (artifact id: '42d402b061de3733987d63b9cc3b64de') in 0.009274 seconds 
  Import took 0.012490 seconds .

========================================================================
Received Import Request.
  Time since last request: 8.319121 seconds.
  path: Assets/Mat_Apple.mat
  artifactKey: Guid(1feeccbaa53411f4aaa1bd70277afcf0) Importer(815301076,1909f56bfc062723c751e8b465ee728b)
Start importing Assets/Mat_Apple.mat using Guid(1feeccbaa53411f4aaa1bd70277afcf0) Importer(815301076,1909f56bfc062723c751e8b465ee728b)  -> (artifact id: '55fc7d9e0e943c8d4538a93426bda8f2') in 0.021620 seconds 
  Import took 0.027650 seconds .

========================================================================
Received Import Request.
  Time since last request: 174.791227 seconds.
  path: ProjectSettings/TagManager.asset
  artifactKey: Guid(00000000000000003000000000000000) Importer(815301076,1909f56bfc062723c751e8b465ee728b)
Start importing ProjectSettings/TagManager.asset using Guid(00000000000000003000000000000000) Importer(815301076,1909f56bfc062723c751e8b465ee728b)  -> (artifact id: 'ce6a35c3cddc746e7501c0bd0ed6d4ce') in 0.012388 seconds 
  Import took 0.017488 seconds .

========================================================================
Received Prepare
Registering precompiled user dll's ...
Registered in 0.003140 seconds.
Begin MonoManager ReloadAssembly
Native extension for WindowsStandalone target not found
Refreshing native plugins compatible for Editor in 0.41 ms, found 2 plugins.
Preloading 0 native plugins for Editor in 0.00 ms.
Mono: successfully reloaded assembly
- Completed reload, in  1.201 seconds
Domain Reload Profiling:
	ReloadAssembly (1202ms)
		BeginReloadAssembly (159ms)
			ExecutionOrderSort (0ms)
			DisableScriptedObjects (10ms)
			BackupInstance (0ms)
			ReleaseScriptingObjects (0ms)
			CreateAndSetChildDomain (53ms)
		EndReloadAssembly (973ms)
			LoadAssemblies (94ms)
			RebuildTransferFunctionScriptingTraits (0ms)
			SetupTypeCache (301ms)
			ReleaseScriptCaches (1ms)
			RebuildScriptCaches (56ms)
			SetupLoadedEditorAssemblies (416ms)
				LogAssemblyErrors (0ms)
				InitializePlatformSupportModulesInManaged (5ms)
				SetLoadedEditorAssemblies (0ms)
				RefreshPlugins (0ms)
				BeforeProcessingInitializeOnLoad (83ms)
				ProcessInitializeOnLoadAttributes (320ms)
				ProcessInitializeOnLoadMethodAttributes (4ms)
				AfterProcessingInitializeOnLoad (4ms)
				EditorAssembliesLoaded (0ms)
			ExecutionOrderSort2 (0ms)
			AwakeInstancesAfterBackupRestoration (6ms)
Platform modules already initialized, skipping
Refreshing native plugins compatible for Editor in 0.65 ms, found 2 plugins.
Preloading 0 native plugins for Editor in 0.00 ms.
Unloading 1391 Unused Serialized files (Serialized files now loaded: 0)
System memory in use before: 68.3 MB.
System memory in use after: 68.4 MB.

Unloading 15 unused Assets to reduce memory usage. Loaded Objects now: 1874.
Total: 5.266200 ms (FindLiveObjects: 0.318100 ms CreateObjectMapping: 0.096700 ms MarkObjects: 4.726300 ms  DeleteObjects: 0.122400 ms)

AssetImportParameters requested are different than current active one (requested -> active):
  custom:framework-win-MediaFoundation: 216162199b28c13a410421893ffa2e32 -> 
  custom:video-decoder-ogg-theora: a1e56fd34408186e4bbccfd4996cb3dc -> 
  custom:container-muxer-webm: aa71ff27fc2769a1b78a27578f13a17b -> 
  custom:container-demuxer-webm: 4f35f7cbe854078d1ac9338744f61a02 -> 
  custom:container-demuxer-ogg: 62fdf1f143b41e24485cea50d1cbac27 -> 
  custom:video-encoder-webm-vp8: eb34c28f22e8b96e1ab97ce403110664 -> 
  custom:video-decoder-webm-vp8: 9c59270c3fd7afecdb556c50c9e8de78 -> 
  custom:audio-decoder-ogg-vorbis: bf7c407c2cedff20999df2af8eb42d56 -> 
  custom:audio-encoder-webm-vorbis: bf7c407c2cedff20999df2af8eb42d56 -> 
========================================================================
Received Import Request.
  Time since last request: 126.356221 seconds.
  path: Assets/Apple.prefab
  artifactKey: Guid(b23a9991ca370bc42b9ef003d5bb1580) Importer(815301076,1909f56bfc062723c751e8b465ee728b)
Start importing Assets/Apple.prefab using Guid(b23a9991ca370bc42b9ef003d5bb1580) Importer(815301076,1909f56bfc062723c751e8b465ee728b)  -> (artifact id: 'b9ca6d3183dac09913a58598e4999ffb') in 0.085503 seconds 
  Import took 0.090458 seconds .

========================================================================
Received Import Request.
  Time since last request: 130.670589 seconds.
  path: Assets/Mat_Basket.mat
  artifactKey: Guid(fb22ca9cb2832c64fbeac4e20ce5936b) Importer(815301076,1909f56bfc062723c751e8b465ee728b)
Start importing Assets/Mat_Basket.mat using Guid(fb22ca9cb2832c64fbeac4e20ce5936b) Importer(815301076,1909f56bfc062723c751e8b465ee728b)  -> (artifact id: 'c244cb446a4cb2788dc9afbca82f05c6') in 0.041025 seconds 
  Import took 0.045621 seconds .

========================================================================
Received Import Request.
  Time since last request: 299.260824 seconds.
  path: Assets/Basket.prefab
  artifactKey: Guid(60e77a380c096a347abd3a7bfe739336) Importer(815301076,1909f56bfc062723c751e8b465ee728b)
Start importing Assets/Basket.prefab using Guid(60e77a380c096a347abd3a7bfe739336) Importer(815301076,1909f56bfc062723c751e8b465ee728b)  -> (artifact id: '830422edb2c4c3e525f739dd0d0b1c4d') in 0.029915 seconds 
  Import took 0.034740 seconds .

========================================================================
Received Import Request.
  Time since last request: 545.052057 seconds.
  path: Assets/AppleTree.cs
  artifactKey: Guid(ff12086b7c6386b45beec309f78b7048) Importer(815301076,1909f56bfc062723c751e8b465ee728b)
Start importing Assets/AppleTree.cs using Guid(ff12086b7c6386b45beec309f78b7048) Importer(815301076,1909f56bfc062723c751e8b465ee728b)  -> (artifact id: 'e90830f4abbdf5aec03f77959cc763ad') in 0.006306 seconds 
  Import took 0.009812 seconds .

========================================================================
Received Prepare
Registering precompiled user dll's ...
Registered in 0.002515 seconds.
Begin MonoManager ReloadAssembly
Native extension for WindowsStandalone target not found
Refreshing native plugins compatible for Editor in 0.39 ms, found 2 plugins.
Preloading 0 native plugins for Editor in 0.00 ms.
Mono: successfully reloaded assembly
- Completed reload, in  1.304 seconds
Domain Reload Profiling:
	ReloadAssembly (1304ms)
		BeginReloadAssembly (107ms)
			ExecutionOrderSort (0ms)
			DisableScriptedObjects (4ms)
			BackupInstance (0ms)
			ReleaseScriptingObjects (0ms)
			CreateAndSetChildDomain (42ms)
		EndReloadAssembly (1132ms)
			LoadAssemblies (87ms)
			RebuildTransferFunctionScriptingTraits (0ms)
			SetupTypeCache (375ms)
			ReleaseScriptCaches (1ms)
			RebuildScriptCaches (60ms)
			SetupLoadedEditorAssemblies (478ms)
				LogAssemblyErrors (0ms)
				InitializePlatformSupportModulesInManaged (5ms)
				SetLoadedEditorAssemblies (0ms)
				RefreshPlugins (0ms)
				BeforeProcessingInitializeOnLoad (48ms)
				ProcessInitializeOnLoadAttributes (409ms)
				ProcessInitializeOnLoadMethodAttributes (5ms)
				AfterProcessingInitializeOnLoad (10ms)
				EditorAssembliesLoaded (0ms)
			ExecutionOrderSort2 (0ms)
			AwakeInstancesAfterBackupRestoration (12ms)
Platform modules already initialized, skipping
Refreshing native plugins compatible for Editor in 0.40 ms, found 2 plugins.
Preloading 0 native plugins for Editor in 0.00 ms.
Unloading 1392 Unused Serialized files (Serialized files now loaded: 0)
System memory in use before: 68.4 MB.
System memory in use after: 68.4 MB.

Unloading 14 unused Assets to reduce memory usage. Loaded Objects now: 1880.
Total: 3.891200 ms (FindLiveObjects: 0.356700 ms CreateObjectMapping: 0.109100 ms MarkObjects: 3.333200 ms  DeleteObjects: 0.089800 ms)

AssetImportParameters requested are different than current active one (requested -> active):
  custom:framework-win-MediaFoundation: 216162199b28c13a410421893ffa2e32 -> 
  custom:video-decoder-ogg-theora: a1e56fd34408186e4bbccfd4996cb3dc -> 
  custom:container-muxer-webm: aa71ff27fc2769a1b78a27578f13a17b -> 
  custom:container-demuxer-webm: 4f35f7cbe854078d1ac9338744f61a02 -> 
  custom:container-demuxer-ogg: 62fdf1f143b41e24485cea50d1cbac27 -> 
  custom:video-encoder-webm-vp8: eb34c28f22e8b96e1ab97ce403110664 -> 
  custom:video-decoder-webm-vp8: 9c59270c3fd7afecdb556c50c9e8de78 -> 
  custom:audio-decoder-ogg-vorbis: bf7c407c2cedff20999df2af8eb42d56 -> 
  custom:audio-encoder-webm-vorbis: bf7c407c2cedff20999df2af8eb42d56 -> 
========================================================================
Received Import Request.
  Time since last request: 573.904251 seconds.
  path: Assets/AppleTree.cs
  artifactKey: Guid(ff12086b7c6386b45beec309f78b7048) Importer(815301076,1909f56bfc062723c751e8b465ee728b)
Start importing Assets/AppleTree.cs using Guid(ff12086b7c6386b45beec309f78b7048) Importer(815301076,1909f56bfc062723c751e8b465ee728b)  -> (artifact id: '40788e5d89367ab965f7ca756001e555') in 0.007217 seconds 
  Import took 0.011684 seconds .

========================================================================
Received Import Request.
  Time since last request: 383.482912 seconds.
  path: Assets/AppleTree 1.prefab
  artifactKey: Guid(d4cb0dcb70f934249990b129213384c7) Importer(815301076,1909f56bfc062723c751e8b465ee728b)
Start importing Assets/AppleTree 1.prefab using Guid(d4cb0dcb70f934249990b129213384c7) Importer(815301076,1909f56bfc062723c751e8b465ee728b)  -> (artifact id: '3104da0ed04216a6a7bc026d059e4619') in 0.088924 seconds 
  Import took 0.092262 seconds .

========================================================================
Received Import Request.
  Time since last request: 59.371349 seconds.
  path: Assets/Mat_Apple.mat
  artifactKey: Guid(1feeccbaa53411f4aaa1bd70277afcf0) Importer(815301076,1909f56bfc062723c751e8b465ee728b)
Start importing Assets/Mat_Apple.mat using Guid(1feeccbaa53411f4aaa1bd70277afcf0) Importer(815301076,1909f56bfc062723c751e8b465ee728b)  -> (artifact id: '791c778a971a513614c98d9c0ebbad5f') in 0.037816 seconds 
  Import took 0.040861 seconds .

========================================================================
Received Import Request.
  Time since last request: 0.000298 seconds.
  path: Assets/Mat_Leaves.mat
  artifactKey: Guid(26c685226df153a458fe87011752456c) Importer(815301076,1909f56bfc062723c751e8b465ee728b)
Start importing Assets/Mat_Leaves.mat using Guid(26c685226df153a458fe87011752456c) Importer(815301076,1909f56bfc062723c751e8b465ee728b)  -> (artifact id: '97914e340db916477befda3cb19495f9') in 0.019938 seconds 
  Import took 0.023648 seconds .

========================================================================
Received Import Request.
  Time since last request: 0.000262 seconds.
  path: Assets/Mat_Basket.mat
  artifactKey: Guid(fb22ca9cb2832c64fbeac4e20ce5936b) Importer(815301076,1909f56bfc062723c751e8b465ee728b)
Start importing Assets/Mat_Basket.mat using Guid(fb22ca9cb2832c64fbeac4e20ce5936b) Importer(815301076,1909f56bfc062723c751e8b465ee728b)  -> (artifact id: 'a279acdd6f74ae6e406ed98d6904c633') in 0.014023 seconds 
  Import took 0.016837 seconds .

========================================================================
Received Import Request.
  Time since last request: 0.000319 seconds.
  path: Assets/Mat_Wood.mat
  artifactKey: Guid(1db2eb0afa6f8754a95d9a498a942dc3) Importer(815301076,1909f56bfc062723c751e8b465ee728b)
Start importing Assets/Mat_Wood.mat using Guid(1db2eb0afa6f8754a95d9a498a942dc3) Importer(815301076,1909f56bfc062723c751e8b465ee728b)  -> (artifact id: '3e68642bcffc08b710acfc5e28f98c24') in 0.013946 seconds 
  Import took 0.017977 seconds .

AssetImportWorkerClient::OnTransportError - code=2 error=End of file
